android_frame/build/outputs/logs/manifest-merger-debug-report.txt
-- Merging decision tree log ---
manifest
ADDED from workspace\androidframe\AndroidManifest.xml:2:1-97:12
	package
		ADDED from workspace\androidframe\AndroidManifest.xml:3:5-37
	android:versionName
		ADDED from workspace\androidframe\AndroidManifest.xml:5:5-30
		INJECTED from workspace\androidframe\AndroidManifest.xml
		INJECTED from workspace\androidframe\AndroidManifest.xml
	android:versionCode
		ADDED from workspace\androidframe\AndroidManifest.xml:4:5-28
		INJECTED from workspace\androidframe\AndroidManifest.xml
		INJECTED from workspace\androidframe\AndroidManifest.xml
	xmlns:android
		ADDED from workspace\androidframe\AndroidManifest.xml:2:11-69
uses-sdk
ADDED from workspace\androidframe\AndroidManifest.xml:7:5-9:41
	android:targetSdkVersion
		ADDED from workspace\androidframe\AndroidManifest.xml:9:9-38
	android:minSdkVersion
		ADDED from workspace\androidframe\AndroidManifest.xml:8:9-35
instrumentation#android.test.InstrumentationTestRunner
ADDED from workspace\androidframe\AndroidManifest.xml:11:5-14:23
	android:targetPackage
		ADDED from workspace\androidframe\AndroidManifest.xml:13:9-55
	android:name
		ADDED from workspace\androidframe\AndroidManifest.xml:12:9-62
uses-permission#android.permission.WRITE_EXTERNAL_STORAGE
ADDED from workspace\androidframe\AndroidManifest.xml:16:5-81
	android:name
		ADDED from workspace\androidframe\AndroidManifest.xml:16:22-78
uses-permission#android.permission.READ_EXTERNAL_STORAGE
ADDED from workspace\androidframe\AndroidManifest.xml:17:5-80
	android:name
		ADDED from workspace\androidframe\AndroidManifest.xml:17:22-77
uses-permission#android.permission.RECEIVE_SMS
ADDED from workspace\androidframe\AndroidManifest.xml:18:5-70
	android:name
		ADDED from workspace\androidframe\AndroidManifest.xml:18:22-67
uses-permission#android.permission.SEND_SMS
ADDED from workspace\androidframe\AndroidManifest.xml:19:5-67
	android:name
		ADDED from workspace\androidframe\AndroidManifest.xml:19:22-64
uses-permission#android.permission.INTERNET
ADDED from workspace\androidframe\AndroidManifest.xml:20:5-67
	android:name
		ADDED from workspace\androidframe\AndroidManifest.xml:20:22-64
application
ADDED from workspace\androidframe\AndroidManifest.xml:22:5-95:19
	android:label
		ADDED from workspace\androidframe\AndroidManifest.xml:25:9-41
	android:allowBackup
		ADDED from workspace\androidframe\AndroidManifest.xml:23:9-35
	android:icon
		ADDED from workspace\androidframe\AndroidManifest.xml:24:9-45
	android:theme
		ADDED from workspace\androidframe\AndroidManifest.xml:26:9-40
uses-library#android.test.runner
ADDED from workspace\androidframe\AndroidManifest.xml:27:9-60
	android:name
		ADDED from workspace\androidframe\AndroidManifest.xml:27:23-57
activity#com.scxh.android.frame.MainActivity
ADDED from workspace\androidframe\AndroidManifest.xml:29:9-37:20
	android:label
		ADDED from workspace\androidframe\AndroidManifest.xml:31:13-45
	android:name
		ADDED from workspace\androidframe\AndroidManifest.xml:30:13-41
intent-filter#android.intent.action.MAIN+android.intent.category.LAUNCHER
ADDED from workspace\androidframe\AndroidManifest.xml:32:13-36:29
action#android.intent.action.MAIN
ADDED from workspace\androidframe\AndroidManifest.xml:33:17-69
	android:name
		ADDED from workspace\androidframe\AndroidManifest.xml:33:25-66
category#android.intent.category.LAUNCHER
ADDED from workspace\androidframe\AndroidManifest.xml:35:17-77
	android:name
		ADDED from workspace\androidframe\AndroidManifest.xml:35:27-74
activity#com.scxh.android.intent.DetailActivity
ADDED from workspace\androidframe\AndroidManifest.xml:38:9-44:20
	android:name
		ADDED from workspace\androidframe\AndroidManifest.xml:38:19-72
intent-filter#Intent.ACTION_test+android.intent.category.DEFAULT
ADDED from workspace\androidframe\AndroidManifest.xml:39:13-43:29
action#Intent.ACTION_test
ADDED from workspace\androidframe\AndroidManifest.xml:40:17-61
	android:name
		ADDED from workspace\androidframe\AndroidManifest.xml:40:25-58
category#android.intent.category.DEFAULT
ADDED from workspace\androidframe\AndroidManifest.xml:42:17-76
	android:name
		ADDED from workspace\androidframe\AndroidManifest.xml:42:27-73
activity#com.scxh.android.listview.ArrayAdapterActivity
ADDED from workspace\androidframe\AndroidManifest.xml:45:9-83
	android:name
		ADDED from workspace\androidframe\AndroidManifest.xml:45:19-80
activity#com.scxh.android.listview.SimpleAdapterActivity
ADDED from workspace\androidframe\AndroidManifest.xml:46:9-84
	android:name
		ADDED from workspace\androidframe\AndroidManifest.xml:46:19-81
activity#com.scxh.android.listview.DefinedActivity
ADDED from workspace\androidframe\AndroidManifest.xml:47:9-53:20
	android:label
		ADDED from workspace\androidframe\AndroidManifest.xml:49:13-35
	android:name
		ADDED from workspace\androidframe\AndroidManifest.xml:48:13-69
meta-data#android.support.PARENT_ACTIVITY
ADDED from workspace\androidframe\AndroidManifest.xml:50:13-52:49
	android:value
		ADDED from workspace\androidframe\AndroidManifest.xml:52:17-46
	android:name
		ADDED from workspace\androidframe\AndroidManifest.xml:51:17-63
activity#com.scxh.android.ui.wedget.SpinnerActivity
ADDED from workspace\androidframe\AndroidManifest.xml:54:9-79
	android:name
		ADDED from workspace\androidframe\AndroidManifest.xml:54:19-76
activity#com.scxh.android.gridview.GridViewActivity
ADDED from workspace\androidframe\AndroidManifest.xml:55:9-79
	android:name
		ADDED from workspace\androidframe\AndroidManifest.xml:55:19-76
activity#com.scxh.android.ui.wedget.ViewPagerActivity
ADDED from workspace\androidframe\AndroidManifest.xml:56:9-81
	android:name
		ADDED from workspace\androidframe\AndroidManifest.xml:56:19-78
activity#com.scxh.android.ui.wedget.DialogActivity
ADDED from workspace\androidframe\AndroidManifest.xml:57:9-78
	android:name
		ADDED from workspace\androidframe\AndroidManifest.xml:57:19-75
activity#com.scxh.android.ui.tabhost.MyTabHostActivity
ADDED from workspace\androidframe\AndroidManifest.xml:58:9-82
	android:name
		ADDED from workspace\androidframe\AndroidManifest.xml:58:19-79
activity#com.scxh.android.ui.shape.ShapeActivity
ADDED from workspace\androidframe\AndroidManifest.xml:59:9-76
	android:name
		ADDED from workspace\androidframe\AndroidManifest.xml:59:19-73
activity#com.scxh.android.ui.menu.OptionMenuActivity
ADDED from workspace\androidframe\AndroidManifest.xml:60:9-80
	android:name
		ADDED from workspace\androidframe\AndroidManifest.xml:60:19-77
activity#com.scxh.android.ui.actionbar.ActionBarActivity
ADDED from workspace\androidframe\AndroidManifest.xml:61:9-84
	android:name
		ADDED from workspace\androidframe\AndroidManifest.xml:61:19-81
activity#com.scxh.android.handler.HandlerActivity
ADDED from workspace\androidframe\AndroidManifest.xml:62:9-77
	android:name
		ADDED from workspace\androidframe\AndroidManifest.xml:62:19-74
activity#com.scxh.android.store.sql.MyDatabaseActivity
ADDED from workspace\androidframe\AndroidManifest.xml:63:9-82
	android:name
		ADDED from workspace\androidframe\AndroidManifest.xml:63:19-79
activity#com.scxh.android.store.sql.MyDatabaseResultActivity
ADDED from workspace\androidframe\AndroidManifest.xml:64:9-88
	android:name
		ADDED from workspace\androidframe\AndroidManifest.xml:64:19-85
activity#com.scxh.android.sql.curosradapter.CursorActivity
ADDED from workspace\androidframe\AndroidManifest.xml:65:9-86
	android:name
		ADDED from workspace\androidframe\AndroidManifest.xml:65:19-83
activity#com.scxh.android.store.file.FileActivity
ADDED from workspace\androidframe\AndroidManifest.xml:66:9-77
	android:name
		ADDED from workspace\androidframe\AndroidManifest.xml:66:19-74
activity#com.scxh.android.mediapalyer.MediaPlayerActivity
ADDED from workspace\androidframe\AndroidManifest.xml:67:9-85
	android:name
		ADDED from workspace\androidframe\AndroidManifest.xml:67:19-82
activity#com.scxh.android.service.MyBindServerActivity
ADDED from workspace\androidframe\AndroidManifest.xml:68:9-82
	android:name
		ADDED from workspace\androidframe\AndroidManifest.xml:68:19-79
activity#com.scxh.android.service.MyStartServiceActivity
ADDED from workspace\androidframe\AndroidManifest.xml:69:9-84
	android:name
		ADDED from workspace\androidframe\AndroidManifest.xml:69:19-81
activity#com.scxh.android.broadcastreceiver.MyReceiverActivity
ADDED from workspace\androidframe\AndroidManifest.xml:70:9-90
	android:name
		ADDED from workspace\androidframe\AndroidManifest.xml:70:19-87
activity#com.scxh.android.broadcastreceiver.MyBroadcastActivity
ADDED from workspace\androidframe\AndroidManifest.xml:71:9-91
	android:name
		ADDED from workspace\androidframe\AndroidManifest.xml:71:19-88
activity#com.scxh.android.notification.NotificationActivity
ADDED from workspace\androidframe\AndroidManifest.xml:72:9-87
	android:name
		ADDED from workspace\androidframe\AndroidManifest.xml:72:19-84
activity#com.scxh.android.asynctask.MyAsyncActivity
ADDED from workspace\androidframe\AndroidManifest.xml:73:9-79
	android:name
		ADDED from workspace\androidframe\AndroidManifest.xml:73:19-76
activity#com.scxh.android.asynctask.AyncDownLoadActivity
ADDED from workspace\androidframe\AndroidManifest.xml:74:9-84
	android:name
		ADDED from workspace\androidframe\AndroidManifest.xml:74:19-81
activity#com.scxh.android.ui.wedget.MyWebView
ADDED from workspace\androidframe\AndroidManifest.xml:75:9-73
	android:name
		ADDED from workspace\androidframe\AndroidManifest.xml:75:19-70
activity#com.scxh.android.httpconnect.HttpConnectActivity
ADDED from workspace\androidframe\AndroidManifest.xml:76:9-85
	android:name
		ADDED from workspace\androidframe\AndroidManifest.xml:76:19-82
activity#com.scxh.android.pasexml.BookListActivity
ADDED from workspace\androidframe\AndroidManifest.xml:77:9-78
	android:name
		ADDED from workspace\androidframe\AndroidManifest.xml:77:19-75
activity#com.scxh.android.fragment.FragmentActivity
ADDED from workspace\androidframe\AndroidManifest.xml:78:1-71
	android:name
		ADDED from workspace\androidframe\AndroidManifest.xml:78:11-68
provider#com.scxh.android.provider.MySqlProvider
ADDED from workspace\androidframe\AndroidManifest.xml:80:9-83:20
	android:authorities
		ADDED from workspace\androidframe\AndroidManifest.xml:82:13-60
	android:name
		ADDED from workspace\androidframe\AndroidManifest.xml:81:13-67
receiver#com.scxh.android.broadcastreceiver.MyBroadReceiver
ADDED from workspace\androidframe\AndroidManifest.xml:85:9-90:20
	android:name
		ADDED from workspace\androidframe\AndroidManifest.xml:85:19-84
intent-filter#com.scxh.android.broadcastreceiver.com.scxh.android.broadcastreceiver.call+com.scxh.android.broadcastreceiver.send_sms
ADDED from workspace\androidframe\AndroidManifest.xml:86:13-89:29
action#com.scxh.android.broadcastreceiver.send_sms
ADDED from workspace\androidframe\AndroidManifest.xml:87:17-86
	android:name
		ADDED from workspace\androidframe\AndroidManifest.xml:87:25-83
action#com.scxh.android.broadcastreceiver.com.scxh.android.broadcastreceiver.call
ADDED from workspace\androidframe\AndroidManifest.xml:88:17-117
	android:name
		ADDED from workspace\androidframe\AndroidManifest.xml:88:25-114
service#com.scxh.android.service.MyBindService
ADDED from workspace\androidframe\AndroidManifest.xml:92:9-74
	android:name
		ADDED from workspace\androidframe\AndroidManifest.xml:92:18-71
service#com.scxh.android.service.MyStartService
ADDED from workspace\androidframe\AndroidManifest.xml:93:9-75
	android:name
		ADDED from workspace\androidframe\AndroidManifest.xml:93:18-72
service#com.scxh.android.notification.MusicService
ADDED from workspace\androidframe\AndroidManifest.xml:94:9-78
	android:name
		ADDED from workspace\androidframe\AndroidManifest.xml:94:18-75